
> future-money@0.1.0 build
> vue-tsc -b && vite build

vite v5.4.21 building for production...
transforming...
✓ 3931 modules transformed.
rendering chunks...
computing gzip size...
dist/index.html                                     1.75 kB │ gzip:   0.79 kB
dist/assets/CreateAccountModal-BZYdJJ9K.css         0.12 kB │ gzip:   0.13 kB
dist/assets/AiConfigModal-vdyhvBw0.css              0.25 kB │ gzip:   0.17 kB
dist/assets/escape-html-B-EgPyOo.css                0.62 kB │ gzip:   0.31 kB
dist/assets/EventFormModal-D5aTCP-x.css             1.31 kB │ gzip:   0.56 kB
dist/assets/AccountManageModal-DDf_Hc0t.css         1.36 kB │ gzip:   0.49 kB
dist/assets/CashFlowChart-9A1d3rFr.css              1.63 kB │ gzip:   0.57 kB
dist/assets/ReconciliationHistory-ol53Ew9g.css      2.18 kB │ gzip:   0.70 kB
dist/assets/AccountMultiSelectModal-DSEqiGS0.css    2.19 kB │ gzip:   0.75 kB
dist/assets/ReconciliationModal-C8n66XDP.css        2.22 kB │ gzip:   0.68 kB
dist/assets/vendor-antd-B6snAd4S.css                2.97 kB │ gzip:   1.19 kB
dist/assets/BalanceChart-B2PT8aly.css               6.11 kB │ gzip:   1.34 kB
dist/assets/EventPanel-B4OJhJvV.css                 6.62 kB │ gzip:   1.71 kB
dist/assets/AiAnalysisModal-14SL6-8G.css            6.70 kB │ gzip:   1.47 kB
dist/assets/index-Yb3svJqY.css                     21.27 kB │ gzip:   4.76 kB
dist/assets/escape-html-B53w8jFL.js                 1.15 kB │ gzip:   0.77 kB
dist/assets/PreferencesModal-D7eIg27-.js            1.48 kB │ gzip:   0.83 kB
dist/assets/vendor-babel-runtime-Bq4_u9L9.js        1.49 kB │ gzip:   0.65 kB
dist/assets/vendor-antd-colors-B84_KvOI.js          1.83 kB │ gzip:   0.96 kB
dist/assets/CreateAccountModal-C2AjcjoB.js          1.90 kB │ gzip:   1.14 kB
dist/assets/AiConfigModal-C-GorzhI.js               2.14 kB │ gzip:   1.30 kB
dist/assets/ai-config-CdQokGyq.js                   2.61 kB │ gzip:   1.36 kB
dist/assets/vendor-vue-echarts-CjIPa-uw.js          4.18 kB │ gzip:   2.08 kB
dist/assets/AccountManageModal-CGGctfnU.js          4.44 kB │ gzip:   2.00 kB
dist/assets/AccountMultiSelectModal-B0lfdytO.js     4.90 kB │ gzip:   2.48 kB
dist/assets/ReconciliationHistory-CS5uG4kN.js       5.67 kB │ gzip:   2.41 kB
dist/assets/CashFlowChart-fLyr-nKF.js               6.43 kB │ gzip:   2.87 kB
dist/assets/ReconciliationModal-DoTpnsU_.js         8.94 kB │ gzip:   3.50 kB
dist/assets/EventFormModal-iqT1HTui.js             10.63 kB │ gzip:   4.06 kB
dist/assets/EventPanel-Cr1A4k0j.js                 12.55 kB │ gzip:   5.69 kB
dist/assets/vendor-tinycolor-DOFZgDuz.js           14.15 kB │ gzip:   4.77 kB
dist/assets/vendor-async-validator-9PlIezaS.js     16.90 kB │ gzip:   5.41 kB
dist/assets/BalanceChart-HY5ew6lp.js               18.96 kB │ gzip:   7.72 kB
dist/assets/vendor-date-Dvu4aT34.js                24.44 kB │ gzip:   7.22 kB
dist/assets/vendor-lodash-es-DCogKO1s.js           25.45 kB │ gzip:   9.14 kB
dist/assets/AiAnalysisModal-BnV7gs1p.js            25.63 kB │ gzip:  11.09 kB
dist/assets/chart-cashflow-runtime-BsyUEwr5.js     29.31 kB │ gzip:  10.43 kB
dist/assets/vendor-antd-icons-BgwcAvEy.js          34.58 kB │ gzip:   7.87 kB
dist/assets/chart-balance-runtime-B1iKQZSQ.js      55.90 kB │ gzip:  18.22 kB
dist/assets/vendor-vue-BOv2OASB.js                 82.32 kB │ gzip:  32.82 kB
dist/assets/vendor-markdown-B-h6JCHE.js            91.88 kB │ gzip:  46.07 kB
dist/assets/index-CrJXRYZ-.js                     105.42 kB │ gzip:  36.98 kB
dist/assets/vendor-charts-BbkqRw9s.js             170.68 kB │ gzip:  56.61 kB
dist/assets/chart-runtime-shared-BwD5lLIr.js      297.95 kB │ gzip: 101.97 kB
dist/assets/vendor-antd-CCw70g6z.js               640.22 kB │ gzip: 191.50 kB

(!) Some chunks are larger than 500 kB after minification. Consider:
- Using dynamic import() to code-split the application
- Use build.rollupOptions.output.manualChunks to improve chunking: https://rollupjs.org/configuration-options/#output-manualchunks
- Adjust chunk size limit for this warning via build.chunkSizeWarningLimit.
✓ built in 14.12s
